<?xml version="1.0" encoding="UTF-8"?>
<!-- Generated by org.testng.reporters.JUnitReportReporter -->
<testsuite skipped="0" hostname="DESKTOP-GVGEMUQ" name="com.TestCases.FlightDropDownTest" tests="4" failures="0" timestamp="2022-11-03T09:46:23 IST" time="44.626" errors="0">
  <testcase name="DepartingFromDropDown" time="11.370" classname="com.TestCases.FlightDropDownTest"/>
  <system-out>
    <![CDATA[onTestStart:----DepartingFromDropDown
onTestSuccess:--DepartingFromDropDown]]>
  </system-out>
  <testcase name="oneWayTest" time="7.545" classname="com.TestCases.FlightDropDownTest"/>
  <system-out>
    <![CDATA[onTestStart:----oneWayTest
onTestSuccess:--oneWayTest]]>
  </system-out>
  <testcase name="getRoundtripTest" time="17.290" classname="com.TestCases.FlightDropDownTest"/>
  <system-out>
    <![CDATA[onTestStart:----getRoundtripTest
onTestSuccess:--getRoundtripTest]]>
  </system-out>
  <testcase name="passengerDropDown" time="8.421" classname="com.TestCases.FlightDropDownTest"/>
  <system-out>
    <![CDATA[onTestStart:----passengerDropDown
onTestSuccess:--passengerDropDown]]>
  </system-out>
</testsuite> <!-- com.TestCases.FlightDropDownTest -->
