<?xml version="1.0" encoding="UTF-8"?>
<!-- Generated by org.testng.reporters.JUnitReportReporter -->
<testsuite skipped="0" hostname="DESKTOP-GVGEMUQ" name="com.TestCases.LoginTest" tests="4" failures="0" timestamp="2022-11-02T22:11:40 IST" time="70.586" errors="0">
  <testcase name="login" time="20.688" classname="com.TestCases.LoginTest"/>
  <system-out>
    <![CDATA[onTestStart:----login
onTestSuccess:--login]]>
  </system-out>
  <testcase name="login" time="13.906" classname="com.TestCases.LoginTest"/>
  <system-out>
    <![CDATA[onTestStart:----login
onTestSuccess:--login]]>
  </system-out>
  <testcase name="login" time="22.211" classname="com.TestCases.LoginTest"/>
  <system-out>
    <![CDATA[onTestStart:----login
onTestSuccess:--login]]>
  </system-out>
  <testcase name="login" time="13.781" classname="com.TestCases.LoginTest"/>
  <system-out>
    <![CDATA[onTestStart:----login
onTestSuccess:--login]]>
  </system-out>
</testsuite> <!-- com.TestCases.LoginTest -->
